SF:lib/src/features/chat/data/models/chat_model.dart
DA:6,3
DA:8,2
DA:17,2
DA:20,6
DA:21,6
DA:29,2
DA:30,4
DA:31,2
DA:32,2
DA:33,2
DA:35,2
DA:39,1
DA:40,1
DA:41,1
DA:42,1
DA:43,1
DA:44,1
DA:45,3
DA:46,1
LF:19
LH:19
end_of_record
SF:lib/src/core/utils/app_logger.dart
DA:4,3
DA:5,1
DA:8,0
DA:9,0
DA:12,1
DA:13,2
DA:16,0
DA:17,0
DA:20,1
DA:21,2
LF:10
LH:6
end_of_record
SF:lib/src/features/chat/domain/entities/chat_entity.dart
DA:9,6
DA:17,0
DA:18,0
DA:19,0
DA:20,0
DA:21,0
DA:22,0
DA:23,0
LF:8
LH:1
end_of_record
SF:lib/src/features/chat/domain/usecases/archive_chat.dart
DA:7,1
DA:9,1
DA:10,2
DA:19,0
DA:21,0
DA:22,0
DA:30,0
DA:32,0
DA:33,0
DA:42,0
DA:44,0
DA:45,0
LF:12
LH:3
end_of_record
SF:lib/src/features/chat/presentation/bloc/archive_bloc.dart
DA:15,1
DA:21,1
DA:22,1
DA:23,1
DA:24,2
DA:25,2
DA:27,2
DA:28,2
DA:29,1
DA:31,3
DA:32,1
DA:36,2
DA:37,2
DA:39,2
DA:40,2
DA:42,3
DA:43,1
DA:47,2
DA:49,3
DA:50,2
DA:52,0
DA:53,0
DA:57,2
DA:59,3
DA:60,2
DA:62,0
DA:63,0
LF:27
LH:23
end_of_record
SF:lib/src/features/chat/presentation/bloc/archive_event.dart
DA:10,1
DA:15,1
LF:2
LH:2
end_of_record
SF:lib/src/features/chat/presentation/bloc/archive_state.dart
DA:10,1
DA:15,1
DA:20,1
DA:21,0
LF:4
LH:3
end_of_record
SF:lib/src/features/chat/data/repositories/file/chat_repo_impl.dart
DA:12,1
DA:14,1
DA:16,2
DA:18,1
DA:19,5
DA:20,2
DA:22,0
DA:23,0
DA:27,1
DA:29,1
DA:30,5
DA:33,1
DA:35,1
DA:36,5
DA:41,1
DA:43,1
DA:44,5
DA:45,2
DA:46,2
DA:47,3
DA:48,3
DA:50,3
DA:55,1
DA:56,1
DA:57,1
DA:58,1
DA:59,1
DA:60,1
DA:61,1
DA:66,1
DA:68,1
DA:71,2
DA:74,5
DA:77,3
DA:79,3
DA:83,3
DA:87,1
DA:88,1
DA:89,1
DA:90,4
DA:91,2
DA:92,1
DA:93,3
DA:94,3
DA:95,1
DA:96,1
DA:97,1
DA:98,1
DA:99,1
DA:102,4
DA:107,1
DA:108,2
DA:109,1
LF:53
LH:51
end_of_record
SF:lib/src/features/chat/presentation/widgets/chat_card.dart
DA:8,1
DA:14,1
DA:16,1
DA:19,1
DA:20,1
DA:22,1
DA:23,1
DA:25,3
DA:27,0
DA:28,3
DA:29,1
DA:30,7
DA:38,1
DA:39,2
DA:46,1
DA:47,2
DA:54,2
DA:55,1
DA:56,3
DA:63,1
DA:68,1
DA:69,5
LF:22
LH:21
end_of_record
